TN:
SF:src/arrays.js
FN:1,carsList
FN:5,brandsList
FNF:2
FNH:2
FNDA:3,carsList
FNDA:1,brandsList
DA:2,3
DA:6,1
DA:9,1
LF:3
LH:3
BRF:0
BRH:0
end_of_record
TN:
SF:src/callback.js
FN:3,fetchAPI
FN:6,(anonymous_1)
FNF:2
FNH:2
FNDA:1,fetchAPI
FNDA:4,(anonymous_1)
DA:1,1
DA:4,1
DA:5,1
DA:6,1
DA:7,4
DA:8,1
DA:9,1
DA:11,0
DA:12,0
DA:17,1
DA:20,1
LF:11
LH:9
BRDA:7,0,0,1
BRDA:7,0,1,3
BRDA:8,1,0,1
BRDA:8,1,1,0
BRF:4
BRH:3
end_of_record
TN:
SF:src/promise.js
FN:3,getData
FNF:1
FNH:1
FNDA:3,getData
DA:1,2
DA:4,3
DA:7,2
LF:3
LH:3
BRF:0
BRH:0
end_of_record
TN:
SF:src/sum.js
FN:1,sum
FNF:1
FNH:1
FNDA:3,sum
DA:2,3
DA:5,1
LF:2
LH:2
BRF:0
BRH:0
end_of_record
